{"level":"info","message":"Hello from acquisitions api","service":"acquisitions-api","timestamp":"2025-10-23T13:23:10.205Z"}
{"level":"info","message":"Hello from acquisitions api","service":"acquisitions-api","timestamp":"2025-10-23T13:23:49.484Z"}
{"level":"info","message":"Hello from acquisitions api","service":"acquisitions-api","timestamp":"2025-10-23T13:33:54.095Z"}
{"level":"info","message":"Hello from acquisitions api","service":"acquisitions-api","timestamp":"2025-10-23T13:36:58.072Z"}
{"level":"info","message":"Hello from acquisitions api","service":"acquisitions-api","timestamp":"2025-10-23T13:38:01.573Z"}
{"level":"info","message":"::1 - - [23/Oct/2025:13:38:06 +0000] \"GET /api HTTP/1.1\" 404 142 \"-\" \"HTTPie\"","service":"acquisitions-api","timestamp":"2025-10-23T13:38:06.958Z"}
{"level":"info","message":"::1 - - [23/Oct/2025:13:38:09 +0000] \"GET /api HTTP/1.1\" 404 142 \"-\" \"HTTPie\"","service":"acquisitions-api","timestamp":"2025-10-23T13:38:09.224Z"}
{"level":"info","message":"::1 - - [23/Oct/2025:13:38:10 +0000] \"GET /api HTTP/1.1\" 404 142 \"-\" \"HTTPie\"","service":"acquisitions-api","timestamp":"2025-10-23T13:38:10.067Z"}
{"level":"info","message":"Hello from acquisitions api","service":"acquisitions-api","timestamp":"2025-10-23T13:38:19.747Z"}
{"level":"info","message":"::1 - - [23/Oct/2025:13:38:23 +0000] \"GET /api HTTP/1.1\" 200 42 \"-\" \"HTTPie\"","service":"acquisitions-api","timestamp":"2025-10-23T13:38:23.252Z"}
{"level":"info","message":"Hello from acquisitions api","service":"acquisitions-api","timestamp":"2025-10-23T17:16:56.580Z"}
{"level":"info","message":"Hello from acquisitions api","service":"acquisitions-api","timestamp":"2025-10-23T17:18:21.376Z"}
{"level":"info","message":"::1 - - [23/Oct/2025:17:18:36 +0000] \"POST /api/auth/sign-in HTTP/1.1\" - - \"-\" \"HTTPie\"","service":"acquisitions-api","timestamp":"2025-10-23T17:18:36.559Z"}
{"level":"info","message":"::1 - - [23/Oct/2025:17:18:38 +0000] \"POST /api/auth/sign-up HTTP/1.1\" 500 1743 \"-\" \"HTTPie\"","service":"acquisitions-api","timestamp":"2025-10-23T17:18:38.012Z"}
{"level":"info","message":"Hello from acquisitions api","service":"acquisitions-api","timestamp":"2025-10-23T17:18:48.469Z"}
{"level":"info","message":"User registered successfully: victor.manoel8@hotmail.com","service":"acquisitions-api","timestamp":"2025-10-23T17:18:53.837Z"}
{"level":"error","message":"Failed to sign up user is not defined","service":"acquisitions-api","stack":"ReferenceError: user is not defined\n    at signUp (file:///Users/victormanoel/Developer/study/projects/acquisitions/src/controllers/auth.controller.js:22:13)\n    at Layer.handleRequest (/Users/victormanoel/Developer/study/projects/acquisitions/node_modules/.pnpm/router@2.2.0/node_modules/router/lib/layer.js:152:17)\n    at next (/Users/victormanoel/Developer/study/projects/acquisitions/node_modules/.pnpm/router@2.2.0/node_modules/router/lib/route.js:157:13)\n    at Route.dispatch (/Users/victormanoel/Developer/study/projects/acquisitions/node_modules/.pnpm/router@2.2.0/node_modules/router/lib/route.js:117:3)\n    at handle (/Users/victormanoel/Developer/study/projects/acquisitions/node_modules/.pnpm/router@2.2.0/node_modules/router/index.js:435:11)\n    at Layer.handleRequest (/Users/victormanoel/Developer/study/projects/acquisitions/node_modules/.pnpm/router@2.2.0/node_modules/router/lib/layer.js:152:17)\n    at /Users/victormanoel/Developer/study/projects/acquisitions/node_modules/.pnpm/router@2.2.0/node_modules/router/index.js:295:15\n    at processParams (/Users/victormanoel/Developer/study/projects/acquisitions/node_modules/.pnpm/router@2.2.0/node_modules/router/index.js:582:12)\n    at next (/Users/victormanoel/Developer/study/projects/acquisitions/node_modules/.pnpm/router@2.2.0/node_modules/router/index.js:291:5)\n    at Function.handle (/Users/victormanoel/Developer/study/projects/acquisitions/node_modules/.pnpm/router@2.2.0/node_modules/router/index.js:186:3)","timestamp":"2025-10-23T17:18:53.838Z"}
{"level":"info","message":"::1 - - [23/Oct/2025:17:18:53 +0000] \"POST /api/auth/sign-up HTTP/1.1\" 500 1742 \"-\" \"HTTPie\"","service":"acquisitions-api","timestamp":"2025-10-23T17:18:53.841Z"}
{"level":"info","message":"User registered successfully: victor.manoel8@hotmail.com","service":"acquisitions-api","timestamp":"2025-10-23T17:18:55.341Z"}
{"level":"error","message":"Failed to sign up user is not defined","service":"acquisitions-api","stack":"ReferenceError: user is not defined\n    at signUp (file:///Users/victormanoel/Developer/study/projects/acquisitions/src/controllers/auth.controller.js:22:13)\n    at Layer.handleRequest (/Users/victormanoel/Developer/study/projects/acquisitions/node_modules/.pnpm/router@2.2.0/node_modules/router/lib/layer.js:152:17)\n    at next (/Users/victormanoel/Developer/study/projects/acquisitions/node_modules/.pnpm/router@2.2.0/node_modules/router/lib/route.js:157:13)\n    at Route.dispatch (/Users/victormanoel/Developer/study/projects/acquisitions/node_modules/.pnpm/router@2.2.0/node_modules/router/lib/route.js:117:3)\n    at handle (/Users/victormanoel/Developer/study/projects/acquisitions/node_modules/.pnpm/router@2.2.0/node_modules/router/index.js:435:11)\n    at Layer.handleRequest (/Users/victormanoel/Developer/study/projects/acquisitions/node_modules/.pnpm/router@2.2.0/node_modules/router/lib/layer.js:152:17)\n    at /Users/victormanoel/Developer/study/projects/acquisitions/node_modules/.pnpm/router@2.2.0/node_modules/router/index.js:295:15\n    at processParams (/Users/victormanoel/Developer/study/projects/acquisitions/node_modules/.pnpm/router@2.2.0/node_modules/router/index.js:582:12)\n    at next (/Users/victormanoel/Developer/study/projects/acquisitions/node_modules/.pnpm/router@2.2.0/node_modules/router/index.js:291:5)\n    at Function.handle (/Users/victormanoel/Developer/study/projects/acquisitions/node_modules/.pnpm/router@2.2.0/node_modules/router/index.js:186:3)","timestamp":"2025-10-23T17:18:55.341Z"}
{"level":"info","message":"::1 - - [23/Oct/2025:17:18:55 +0000] \"POST /api/auth/sign-up HTTP/1.1\" 500 1742 \"-\" \"HTTPie\"","service":"acquisitions-api","timestamp":"2025-10-23T17:18:55.342Z"}
{"level":"info","message":"Hello from acquisitions api","service":"acquisitions-api","timestamp":"2025-10-23T17:19:17.558Z"}
{"level":"info","message":"User registered successfully: victor.manoel8@hotmail.com","service":"acquisitions-api","timestamp":"2025-10-23T17:19:21.054Z"}
{"level":"info","message":"::1 - - [23/Oct/2025:17:19:21 +0000] \"POST /api/auth/sign-up HTTP/1.1\" 201 114 \"-\" \"HTTPie\"","service":"acquisitions-api","timestamp":"2025-10-23T17:19:21.059Z"}
{"level":"info","message":"Hello from acquisitions api","service":"acquisitions-api","timestamp":"2025-10-23T17:26:56.894Z"}
{"level":"info","message":"Hello from acquisitions api","service":"acquisitions-api","timestamp":"2025-10-23T17:27:31.227Z"}
{"level":"info","message":"Hello from acquisitions api","service":"acquisitions-api","timestamp":"2025-10-23T17:28:42.995Z"}
{"level":"error","message":"Failed to sign up formatValidationErrors is not defined","service":"acquisitions-api","stack":"ReferenceError: formatValidationErrors is not defined\n    at signUp (file:///Users/victormanoel/Developer/study/projects/acquisitions/src/controllers/auth.controller.js:11:74)\n    at Layer.handleRequest (/Users/victormanoel/Developer/study/projects/acquisitions/node_modules/.pnpm/router@2.2.0/node_modules/router/lib/layer.js:152:17)\n    at next (/Users/victormanoel/Developer/study/projects/acquisitions/node_modules/.pnpm/router@2.2.0/node_modules/router/lib/route.js:157:13)\n    at Route.dispatch (/Users/victormanoel/Developer/study/projects/acquisitions/node_modules/.pnpm/router@2.2.0/node_modules/router/lib/route.js:117:3)\n    at handle (/Users/victormanoel/Developer/study/projects/acquisitions/node_modules/.pnpm/router@2.2.0/node_modules/router/index.js:435:11)\n    at Layer.handleRequest (/Users/victormanoel/Developer/study/projects/acquisitions/node_modules/.pnpm/router@2.2.0/node_modules/router/lib/layer.js:152:17)\n    at /Users/victormanoel/Developer/study/projects/acquisitions/node_modules/.pnpm/router@2.2.0/node_modules/router/index.js:295:15\n    at processParams (/Users/victormanoel/Developer/study/projects/acquisitions/node_modules/.pnpm/router@2.2.0/node_modules/router/index.js:582:12)\n    at next (/Users/victormanoel/Developer/study/projects/acquisitions/node_modules/.pnpm/router@2.2.0/node_modules/router/index.js:291:5)\n    at Function.handle (/Users/victormanoel/Developer/study/projects/acquisitions/node_modules/.pnpm/router@2.2.0/node_modules/router/index.js:186:3)","timestamp":"2025-10-23T17:30:45.543Z"}
{"level":"info","message":"::1 - - [23/Oct/2025:17:30:45 +0000] \"POST /api/auth/sign-up HTTP/1.1\" 400 1760 \"-\" \"HTTPie\"","service":"acquisitions-api","timestamp":"2025-10-23T17:30:45.546Z"}
{"level":"info","message":"Hello from acquisitions api","service":"acquisitions-api","timestamp":"2025-10-23T17:31:39.885Z"}
{"level":"info","message":"::1 - - [23/Oct/2025:17:31:44 +0000] \"POST /api/auth/sign-up HTTP/1.1\" 400 91 \"-\" \"HTTPie\"","service":"acquisitions-api","timestamp":"2025-10-23T17:31:44.107Z"}
{"level":"info","message":"Hello from acquisitions api","service":"acquisitions-api","timestamp":"2025-10-23T17:32:04.460Z"}
{"level":"error","message":"Failed to sign up cookies is not defined","service":"acquisitions-api","stack":"ReferenceError: cookies is not defined\n    at signUp (file:///Users/victormanoel/Developer/study/projects/acquisitions/src/controllers/auth.controller.js:21:5)\n    at process.processTicksAndRejections (node:internal/process/task_queues:105:5)","timestamp":"2025-10-23T17:32:08.296Z"}
{"level":"info","message":"::1 - - [23/Oct/2025:17:32:08 +0000] \"POST /api/auth/sign-up HTTP/1.1\" 500 395 \"-\" \"HTTPie\"","service":"acquisitions-api","timestamp":"2025-10-23T17:32:08.298Z"}
{"level":"info","message":"Hello from acquisitions api","service":"acquisitions-api","timestamp":"2025-10-23T17:32:27.852Z"}
{"level":"error","message":"Error creating the user: Error: User already exists","service":"acquisitions-api","timestamp":"2025-10-23T17:32:33.342Z"}
{"level":"error","message":"Failed to sign up Error creating the user","service":"acquisitions-api","stack":"Error: Error creating the user\n    at createUser (file:///Users/victormanoel/Developer/study/projects/acquisitions/src/services/auth.service.js:44:11)\n    at process.processTicksAndRejections (node:internal/process/task_queues:105:5)\n    at async signUp (file:///Users/victormanoel/Developer/study/projects/acquisitions/src/controllers/auth.controller.js:18:18)","timestamp":"2025-10-23T17:32:33.343Z"}
{"level":"info","message":"::1 - - [23/Oct/2025:17:32:33 +0000] \"POST /api/auth/sign-up HTTP/1.1\" 500 527 \"-\" \"HTTPie\"","service":"acquisitions-api","timestamp":"2025-10-23T17:32:33.344Z"}
{"level":"info","message":"Hello from acquisitions api","service":"acquisitions-api","timestamp":"2025-10-23T17:32:50.636Z"}
{"level":"error","message":"Error creating the user: Error: User already exists","service":"acquisitions-api","timestamp":"2025-10-23T17:32:54.773Z"}
{"level":"error","message":"Failed to sign up Error creating the user","service":"acquisitions-api","stack":"Error: Error creating the user\n    at createUser (file:///Users/victormanoel/Developer/study/projects/acquisitions/src/services/auth.service.js:44:11)\n    at process.processTicksAndRejections (node:internal/process/task_queues:105:5)\n    at async signUp (file:///Users/victormanoel/Developer/study/projects/acquisitions/src/controllers/auth.controller.js:18:18)","timestamp":"2025-10-23T17:32:54.774Z"}
{"level":"info","message":"::1 - - [23/Oct/2025:17:32:54 +0000] \"POST /api/auth/sign-up HTTP/1.1\" 500 527 \"-\" \"HTTPie\"","service":"acquisitions-api","timestamp":"2025-10-23T17:32:54.776Z"}
{"level":"info","message":"User registered successfully: victor.manoel8@hotmail.com","service":"acquisitions-api","timestamp":"2025-10-23T17:33:54.308Z"}
{"level":"info","message":"::1 - - [23/Oct/2025:17:33:54 +0000] \"POST /api/auth/sign-up HTTP/1.1\" 201 112 \"-\" \"HTTPie\"","service":"acquisitions-api","timestamp":"2025-10-23T17:33:54.310Z"}
{"level":"info","message":"Hello from acquisitions api","service":"acquisitions-api","timestamp":"2025-10-27T19:22:48.869Z"}
{"level":"info","message":"User logged in successfully: victor.manoel8@hotmail.com","service":"acquisitions-api","timestamp":"2025-10-27T19:22:54.542Z"}
{"level":"info","message":"::1 - - [27/Oct/2025:19:22:54 +0000] \"POST /api/auth/sign-in HTTP/1.1\" 200 111 \"-\" \"HTTPie\"","service":"acquisitions-api","timestamp":"2025-10-27T19:22:54.544Z"}
{"level":"info","message":"User logged out successfully","service":"acquisitions-api","timestamp":"2025-10-27T19:23:17.150Z"}
{"level":"info","message":"::1 - - [27/Oct/2025:19:23:17 +0000] \"POST /api/auth/sign-out HTTP/1.1\" 200 29 \"-\" \"HTTPie\"","service":"acquisitions-api","timestamp":"2025-10-27T19:23:17.151Z"}
